<?xml version="1.0" encoding="UTF-8"?>
<!-- Generated by org.testng.reporters.JUnitXMLReporter -->
<testsuite hostname="Yaswanth" ignored="1" name="OrangeHRMMyInfo" tests="4" failures="0" timestamp="2022-07-28T17:52:28 IST" time="33.818" errors="0">
  <testcase name="LaunchApp" time="6.089" classname="com.selenium.Tests.OrangeHRM"/>
  <testcase name="EnterLoginDetails" time="11.644" classname="com.selenium.Tests.OrangeHRM"/>
  <testcase name="NavigateToMyInfo" time="2.584" classname="com.selenium.Tests.OrangeHRM"/>
  <testcase name="VerifyMyInfo" time="0.048" classname="com.selenium.Tests.OrangeHRM"/>
  <testcase name="VerifyLogin" time="0.0" classname="com.selenium.Tests.OrangeHRM">
    <ignored/>
  </testcase> <!-- VerifyLogin -->
</testsuite> <!-- OrangeHRMMyInfo -->
