<?xml version="1.0" encoding="UTF-8"?>
<testng-results skipped="0" failed="0" ignored="0" total="6" passed="6">
  <reporter-output>
  </reporter-output>
  <suite name="Default suite" duration-ms="116" started-at="2022-08-29T17:59:16 IST" finished-at="2022-08-29T17:59:16 IST">
    <groups>
    </groups>
    <test name="Default test" duration-ms="116" started-at="2022-08-29T17:59:16 IST" finished-at="2022-08-29T17:59:16 IST">
      <class name="com.selenium.Tests.FlightBookingTest">
        <test-method status="PASS" signature="SearchForTheflight()[pri:0, instance:com.selenium.Tests.FlightBookingTest@4b9e255]" name="SearchForTheflight" duration-ms="12" started-at="2022-08-29T17:59:16 IST" finished-at="2022-08-29T17:59:16 IST">
          <reporter-output>
          </reporter-output>
        </test-method> <!-- SearchForTheflight -->
        <test-method status="PASS" signature="Signup()[pri:1, instance:com.selenium.Tests.FlightBookingTest@4b9e255]" name="Signup" duration-ms="2" started-at="2022-08-29T17:59:16 IST" finished-at="2022-08-29T17:59:16 IST">
          <reporter-output>
          </reporter-output>
        </test-method> <!-- Signup -->
        <test-method status="PASS" signature="Login()[pri:2, instance:com.selenium.Tests.FlightBookingTest@4b9e255]" name="Login" duration-ms="5" started-at="2022-08-29T17:59:16 IST" finished-at="2022-08-29T17:59:16 IST">
          <reporter-output>
          </reporter-output>
        </test-method> <!-- Login -->
        <test-method status="PASS" signature="BookTheFlight()[pri:4, instance:com.selenium.Tests.FlightBookingTest@4b9e255]" name="BookTheFlight" duration-ms="2" started-at="2022-08-29T17:59:16 IST" finished-at="2022-08-29T17:59:16 IST">
          <reporter-output>
          </reporter-output>
        </test-method> <!-- BookTheFlight -->
        <test-method status="PASS" signature="SaveTheFlight()[pri:5, instance:com.selenium.Tests.FlightBookingTest@4b9e255]" name="SaveTheFlight" duration-ms="7" started-at="2022-08-29T17:59:16 IST" finished-at="2022-08-29T17:59:16 IST">
          <reporter-output>
          </reporter-output>
        </test-method> <!-- SaveTheFlight -->
        <test-method status="PASS" signature="Logout()[pri:6, instance:com.selenium.Tests.FlightBookingTest@4b9e255]" name="Logout" duration-ms="4" started-at="2022-08-29T17:59:16 IST" finished-at="2022-08-29T17:59:16 IST">
          <reporter-output>
          </reporter-output>
        </test-method> <!-- Logout -->
      </class> <!-- com.selenium.Tests.FlightBookingTest -->
    </test> <!-- Default test -->
  </suite> <!-- Default suite -->
</testng-results>
