<?xml version="1.0" encoding="UTF-8"?>
<!-- Generated by org.testng.reporters.JUnitXMLReporter -->
<testsuite hostname="Yaswanth" ignored="2" name="Test1" tests="1" failures="0" timestamp="2022-08-08T19:04:48 IST" time="14.401" errors="0">
  <testcase name="TestGoogle" time="2.982" classname="com.selenium.screenshot.TestClass"/>
  <testcase name="TestOranageHRM" time="0.0" classname="com.selenium.screenshot.TestClass">
    <ignored/>
  </testcase> <!-- TestOranageHRM -->
  <testcase name="TestFacebook" time="0.0" classname="com.selenium.screenshot.TestClass">
    <ignored/>
  </testcase> <!-- TestFacebook -->
</testsuite> <!-- Test1 -->
