<?xml version="1.0" encoding="UTF-8"?>
<!-- Generated by org.testng.reporters.JUnitXMLReporter -->
<testsuite hostname="Yaswanth" ignored="2" name="Test2" tests="1" failures="1" timestamp="2022-08-08T19:05:04 IST" time="15.604" errors="0">
  <testcase name="TestFacebook" time="4.685" classname="com.selenium.screenshot.TestClass">
    <failure type="java.lang.AssertionError" message="The following asserts failed:
	Title is mismatched expected [Facebook – log in or sign up] but found [Log in to Facebook]">
      <![CDATA[java.lang.AssertionError: The following asserts failed:
Title is mismatched expected [Facebook – log in or sign up] but found [Log in to Facebook]
at com.selenium.screenshot.TestClass.TestFacebook(TestClass.java:66)
at java.util.ArrayList.forEach(Unknown Source)
... Removed 29 stack frames]]>
    </failure>
  </testcase> <!-- TestFacebook -->
  <testcase name="TestOranageHRM" time="0.0" classname="com.selenium.screenshot.TestClass">
    <ignored/>
  </testcase> <!-- TestOranageHRM -->
  <testcase name="TestGoogle" time="0.0" classname="com.selenium.screenshot.TestClass">
    <ignored/>
  </testcase> <!-- TestGoogle -->
</testsuite> <!-- Test2 -->
